<?xml version="1.0" encoding="utf-8"?><testsuites><testsuite name="pytest" errors="0" failures="0" skipped="0" tests="4" time="0.145" timestamp="2023-10-09T20:44:04.128553" hostname="wcocuzza"><testcase classname="tests.test_load" name="test_load_positive_has_2_people" time="0.002" /><testcase classname="tests.test_load" name="test_load_positive_first_name_starts_with_w" time="0.001" /><testcase classname="integration.test_load" name="test_load_positive_call_command" time="0.039" /><testcase classname="integration.test_load" name="test_load_negative_call_load_command_with_wrong_params" time="0.079" /></testsuite></testsuites>